iri kugkugam ene bamenz஺n kur dilmun kugam kiengi kuga ene bamenz஺n kur dilmun kugam kur dilmun kugam kur dilmun sikilϫm kur dilmun sikilϫm kur dilmun dadagam
dilinine dilmuna ᭛bᎊn᭚ ki enki damanida bandan᭚aba kibi sikilϫm kibi dadagam dilinine dilmuna ᭛bᎊn᭚ ki enki ninsikila bandan᭚aba kibi sikilϫm kibi dadagam
dilmuna uga g᭛g᭛ numunib஺ dare g᭛ dare numunib஺ urgula saj jic nubrara urbarak஼ silϬ nubkare urg᎗r mϪc gamgam nubzu cϪh ce g᭟g᭟e nubzu
numuns᭚ mun᭜ ᭛ra barϪgaba mucene ana mun᭜bi nang᭟e t᭤me saj numundaRUe
igigige igigigmen numunib஺ sajgige sajgigmen numunib஺ umabi umamen numunib஺ ababi abamen numunib஺ kisikil a nut᭝ani iria numunibs᎒ge l᭚ ᎊda bale jᎎd஻ numunib஺ nijire zagana numnijᎊnijᎊn
nare elulam numunib஺ zag irika ilu numunib஺
ninsikila ani enkira g᭛ munad஺ iri muec᭚m iri muec᭚m namj᭢ c᭚mazu dilmun iri muec᭚m iri muec᭚m namj᭢ c᭚mazu muec᭚m iri muec᭚m namj᭢ c᭚mazu
iri kar ᎊda nuntukua muec᭚m iri muec᭚m namj᭢ c᭚mazu iri acϬg agϫr absᎊn nuntukua
utu ana gub஺ g᎘r DUa gaba EZENnata ஺suhur si nannata ka a kia DU.DUta a d᭛g kita
jirᎋman galaza a h஺mta஻d஻ irizu a h஺jϪla humuranϰnϰ dilmun a h஺jϪla humuranϰnϰ p᭚ a sisazu p᭚ a d᭛ga h஺m irizu ஺g᭚n kara kalamaka h஺a dilmun ஺g᭚n kara kalamaka h஺a
ᎋnec utu ud nea utu ana gub஺ g᎘r DUa gaba EZENnata ஺suhur si nannata ka a kia DU.DUta a d᭛g kita munaraDU
jirᎋman galana a imta஻d஻ irini a h஺jϪla imtanϰnϰ dilmun a h஺jϪla imtanϰnϰ p᭚ a sisani p᭚ a d᭛ga nanam acϬg agϫr absᎊnani ce Defective irini ஺g᭚n kara kalamaka nanam dilmun ஺g᭚n kara kalamaka nanam ᎋnec utu ud nea ᭝r h஺nanama
dilini ject᭚ge tukua nint᭝r ama kalamac஻ enkik஼ ject᭚ge tukua nint᭝r ama kalamac஻ jᎋcani ஺ga bancindune jᎋcani gia gᎍrgᎍre bancigᎍrgᎍre jᎋcani barc஻ mahe cabaranzizi g᭛ bᎊnd஺ ambara l᭚ numundab஺
enkik஼ g᭛ bᎊnd஺ zi ana ᎋpϫd n᭚a ambara n᭚a ambara gir᎙zal enkik஼ a damgalnunakani minind᭜g ninhursajϪk஼ a cϬga baninri a cϬga cu baninti a enkikϫka
ud 1ϫm itid 1ani ud 2ϫm itid 2ani ud 3ϫm itid 3ani ud 4ϫm itid 4ani ud 5ϫm itid 5ani ud 6ϫm itid 6ani ud 7ϫm itid 7ani ud 8ϫm itid 8ani ud 9ϫm itid 9ani itid namunusaka ᎋ ligᎏn ᎋ ligᎏn ᎋhenunagᎏn nint᭝r ama kalamaka ᎋ ligᎏn ninisig intud
ninisig g᭚ ᎊdak஼ c஻minib஻ enkik஼ ambara imdalϪ ene imdalϪ ene sukkalani isim᭜d஻ g᭛ munad஺ l᭚tur sϱgae ne numunsub஺ ninisig sϱgae ne numunsub஺ sukkalani isim᭜d஻ munanibgᎌgᎌ l᭚tur sϱgae ne numunsub஺ ninisig sϱgae ne numunsub஺ lugalj᭢ imdirig gari imdirig gari
jirᎋni 1a mϪ bᎊngub 2kama barᎌma namingub gaba imantab ne imansub enkik஼ a cϬga baninri a cϬga cu baninti a enkikϫka ud 1ϫm itid 1ϫm ud 2ϫm itid 2ϫm ud 9ϫm itid 9ϫm itid namunusaka ᎋ ligᎏn ᎋ ligᎏn ᎋhenunagᎏn ninisig ᎋ ligᎏn ᎋ ligᎏn ᎋhenunagᎏn ninkura intud
ninkura g᭚ ᎊdak஼ c஻minib஻ enkik஼ ambara imdalϪ ene imdalϪ ene sukkalani isim᭜d஻ g᭛ munad஺ l᭚tur sϱgae ne numunsub஺ ninkura sϱgae ne numunsub஺ sukkalani isim᭜d஻ munanibgᎌgᎌ l᭚tur sϱgae ne subumani ninkura sϱgae ne subumani lugalj᭢ imdirig gari imdirig gari
jirᎋni 1a mϪ bᎊngub 2kama barᎌma namingub gaba imantab ne imansub enkik஼ a cϬg baninri a cϬga cu baninti a enkikϫka ud 1ϫm itid 1ani ud 9ϫm itid 9ani itid namunusaka ᎋ ligᎏn ᎋ ligᎏn ᎋhenunagᎏn ninkura ᎋ ligᎏn ᎋ ligᎏn ᎋhenuna uttu munus NIbul᭛j intud
nint᭝re uttura g᭛ munad஺ na gaed஽ na d஽j᭢ h஺dϭb inim garabd᭜g inimj᭢c஻ ject᭚gzu l᭚ 1ϫm ambara imdalϪ ene imdalϪ ene enkik஼ ambara imdalϪ ene imdalϪ ene igi Defective uttu munus NIbul᭛j cϬgza
uk᭚c Defective dாum hachur gu ululba dாum jectin garanba dாum ஺a samϪnj᭢ h஺dϭb enkik஼ samϪnj᭢ h஺bᎊndϭb
2kama a sisidani ஺g a bᎊnsi pϭ a bᎊnsi kislah a bᎊnsi nukirᎎ sahara h᭚lana g᭚ni g᭚da imcinlϪed஻ abamen kirᎎ
enkik஼ Defective uk᭚c surana imanandா hachur gu ululba imanandா jectin garanba imanandா ᭚rani bᎊnsisi
enkik஼ igini imansᎏgsᎏg jidru cu bᎊnd᭠ enkik஼ uttura jirᎋ imangub ஺na ald᭚bd᭚be jϪl᭛ jϪl᭛ abamen zaemen j௒ nukirᎎ uk᭚c hachur jectin h஺ϫmc஻ gamurabc᭚m uttu cϬg h᭚lanita ஺ jϪl bantakϬ enkik஼ uttura munus NIbul᭛j uk᭚c surana banabc᭚mu hachur gu ululba banabc᭚mu jectin garanba banabc᭚mu kac ban gula
uttu munus NIbul᭛j gab᭚ munabs᎒ge cu munasϫge enkik஼ uttura ul imaninti gaba cu imindab ᭚rana n᭚a hϪc muntagtage cu muntagtage gaba cu imindϭb ᭚rana n᭚a l᭚tur jᎋc imind᭛ ne imaninsub enkik஼ uttu a cϬg muninri a cϬga cu bacinti a enkikϫkam
uttu munus sϱga Ϫ hϪcj᭢ ime Ϫ barj᭢ Ϫ cϫbaj᭢ ime ninhursajϪ a hϪcta bantagtag
᭚jic imanm᭚ ᭚lϫl imanm᭚ ᭚sara imanm᭚ A.NUMὂN imanm᭚ atutu imanm᭚ actϪltϪl imanm᭚ Defective imanm᭚ amharu imanm᭚
enkik஼ ambara imdalϪ ene imdalϪ ene sukkalani isim᭜d஻ g᭛ munad஺ ᭚ j௒ nambi libᎊtare anam ne anam ne
sukkalani isim᭜d஻ munanibgᎌgᎌ lugalj᭢ ᭚jic munab஺ munakud஻ bag᭟e lugalj᭢ ᭚lϫl munab஺ munab᭤re bag᭟e lugalj᭢ ᭚sara munab஺ munakud஻ bag᭟e lugalj᭢ A.NUMὂN munab஺ munab᭤re bag᭟e
lugalj᭢ atutu munab஺ munakud஻ bag᭟e lugalj᭢ actϪltϪl munab஺ munab᭤re bag᭟e lugalj᭢ Defective munab஺ munakud஻ bag᭟e lugalj᭢ amharu munab஺ munabure bag᭟e enkik஼ ᭚ nambi bᎊntar cϬgba baninzu
ninhursajϪk஼ mu enki namerᎊm bankud ibᎊ najtᎋla ena ba᭝gea ibᎊ baranbaren anunak஼ne saharta imindurunₓnec kϭ enlᎊlra munadab஺ j௒ ninhursajϪ muecit᭚mun anam nᎊjbaj᭢ enlᎊle kϭ munanibgᎌgᎌ zae ninhursajϪ muet᭚munam irijϪ 2 jicganϪ garid᭛ muzu h஺pϫd஻
kϭ suni 1ϫm imanp஽cp஽c sikini 1ϫm imanb᭚rb᭚r igini 1ϫm cembizid bᎊnjar
nibruc஻ mujenen enlᎊl urᎊmc஻ mujenen nanna larsamc஻ mujenen utu unugc஻ mujenen inana ᎋmea zij᭢ Defective ninhursajϪ
ninhursajϪk஼ ஺ kϬc imand᭜g anunak஼ne t᭚gani bandϭb஺c imanakec nam imantarec cu imanb᭚ruc ninhursajϪk஼ enki gϬlana banintuc cu barba
cecj᭢ anazu aragig ugudilᎊmj᭢ magig ab᭚ imarantud cecj᭢ anazu aragig pa sikij᭢ magig ninsikilϪ imarantud cecj᭢ anazu aragig gir᎙j᭢ magig ningir᎙᭛tud imarantud cecj᭢ anazu aragig kaj᭢ magig ninkasi imarantud
cecj᭢ anazu aragig zij᭢ magig nazi imarantud cecj᭢ anazu aragig Ϫj᭢ magig Ϫzim᭚a imarantud cecj᭢ anazu aragig tij᭢ magig ninti imarantud cecj᭢ anazu aragig zagj᭢ magig ensϮg imarantud
dᎌdᎌlϪlϪ batud஻nac nᎊjba namlϪ ab᭚ lugal ᭚ h஺a ninsikilϪ en mϪgana h஺a ningir᎙᭛tud ninazu habantukutuku ninkasi nᎊj cϬg si h஺a nazi ᭛mundara habantukutuku Ϫzim᭚a ninjiczida habantukutuku ninti nin itide h஺a ensϮg en dilmuna h஺a
